<?xml version="1.0" encoding="UTF-8"?>
<!-- Generated by org.testng.reporters.JUnitReportReporter -->
<testsuite name="com.Facebook.login.Facebook_Logn" tests="2" time="0.020" ignored="0" failures="0" timestamp="08 Apr 2018 14:57:52 GMT" skipped="0" hostname="LAPTOP-4M94SFNL" errors="0">
  <testcase name="Account" time="0.003" classname="com.Facebook.login.Facebook_Logn"/>
  <testcase name="Login" time="0.017" classname="com.Facebook.login.Facebook_Logn"/>
</testsuite> <!-- com.Facebook.login.Facebook_Logn -->
